<?xml version="1.0" encoding="UTF-8"?>
<testng-results ignored="0" total="1" passed="1" failed="0" skipped="0">
  <reporter-output>
  </reporter-output>
  <suite started-at="2026-03-09T19:31:36 IST" name="Default suite" finished-at="2026-03-09T19:31:40 IST" duration-ms="4468">
    <groups>
    </groups>
    <test started-at="2026-03-09T19:31:36 IST" name="Default test" finished-at="2026-03-09T19:31:40 IST" duration-ms="4468">
      <class name="module8.automationframework.LoginTest">
        <test-method signature="loginTest()[pri:0, instance:module8.automationframework.LoginTest@1623b78d]" started-at="2026-03-09T19:31:36 IST" name="loginTest" finished-at="2026-03-09T19:31:40 IST" duration-ms="4412" status="PASS">
          <reporter-output>
          </reporter-output>
        </test-method> <!-- loginTest -->
      </class> <!-- module8.automationframework.LoginTest -->
    </test> <!-- Default test -->
  </suite> <!-- Default suite -->
</testng-results>
